-------------------------------------------------------------------------------
Test set: com.ejemplo.OrderServiceTest
-------------------------------------------------------------------------------
Tests run: 2, Failures: 0, Errors: 2, Skipped: 0, Time elapsed: 0.022 s <<< FAILURE! -- in com.ejemplo.OrderServiceTest
com.ejemplo.OrderServiceTest.testWithoutDiscountAndStandardShipment -- Time elapsed: 0.006 s <<< ERROR!
java.lang.Error: 
Unresolved compilation problem: 
	The method getTotal(double, String, boolean) in the type OrderService is not applicable for the arguments (double, boolean, boolean)

	at com.ejemplo.OrderServiceTest.<init>(OrderServiceTest.java:66)
	at java.base/java.lang.reflect.Constructor.newInstanceWithCaller(Constructor.java:502)
	at java.base/java.lang.reflect.Constructor.newInstance(Constructor.java:486)
	at java.base/java.util.Optional.orElseGet(Optional.java:364)
	at java.base/java.util.ArrayList.forEach(ArrayList.java:1596)
	at java.base/java.util.ArrayList.forEach(ArrayList.java:1596)

com.ejemplo.OrderServiceTest.testNegativeSubtotal -- Time elapsed: 0.001 s <<< ERROR!
java.lang.Error: 
Unresolved compilation problem: 
	The method getTotal(double, String, boolean) in the type OrderService is not applicable for the arguments (double, boolean, boolean)

	at com.ejemplo.OrderServiceTest.<init>(OrderServiceTest.java:66)
	at java.base/java.lang.reflect.Constructor.newInstanceWithCaller(Constructor.java:502)
	at java.base/java.lang.reflect.Constructor.newInstance(Constructor.java:486)
	at java.base/java.util.Optional.orElseGet(Optional.java:364)
	at java.base/java.util.ArrayList.forEach(ArrayList.java:1596)
	at java.base/java.util.ArrayList.forEach(ArrayList.java:1596)

